This file contains any messages produced by compilers while
running configure, to aid debugging if configure makes a mistake.

It was created by pippo configure 2.6, which was
generated by GNU Autoconf 2.69.  Invocation command line was

  $ ./configure 

## --------- ##
## Platform. ##
## --------- ##

hostname = vulkodava-VirtualBox
uname -m = x86_64
uname -r = 3.13.0-37-generic
uname -s = Linux
uname -v = #64-Ubuntu SMP Mon Sep 22 21:28:38 UTC 2014

/usr/bin/uname -p = unknown
/bin/uname -X     = unknown

/bin/arch              = unknown
/usr/bin/arch -k       = unknown
/usr/convex/getsysinfo = unknown
/usr/bin/hostinfo      = unknown
/bin/machine           = unknown
/usr/bin/oslevel       = unknown
/bin/universe          = unknown

PATH: /usr/local/sbin
PATH: /usr/local/bin
PATH: /usr/sbin
PATH: /usr/bin
PATH: /sbin
PATH: /bin
PATH: /usr/games
PATH: /usr/local/games


## ----------- ##
## Core tests. ##
## ----------- ##

configure:1752: checking for a BSD-compatible install
configure:1820: result: /usr/bin/install -c
configure:1831: checking whether build environment is sane
configure:1886: result: yes
configure:2037: checking for a thread-safe mkdir -p
configure:2076: result: /bin/mkdir -p
configure:2083: checking for gawk
configure:2113: result: no
configure:2083: checking for mawk
configure:2099: found /usr/bin/mawk
configure:2110: result: mawk
configure:2121: checking whether make sets $(MAKE)
configure:2143: result: yes
configure:2172: checking whether make supports nested variables
configure:2189: result: yes
configure:2472: checking that generated files are newer than configure
configure:2478: result: done
configure:2486: creating ./config.status

## ---------------------- ##
## Running config.status. ##
## ---------------------- ##

This file was extended by pippo config.status 2.6, which was
generated by GNU Autoconf 2.69.  Invocation command line was

  CONFIG_FILES    = 
  CONFIG_HEADERS  = 
  CONFIG_LINKS    = 
  CONFIG_COMMANDS = 
  $ ./config.status 

on vulkodava-VirtualBox

config.status:747: creating Makefile
config.status:733: error: cannot find input file: `src/Makefile.in'

## ---------------- ##
## Cache variables. ##
## ---------------- ##

ac_cv_env_build_alias_set=
ac_cv_env_build_alias_value=
ac_cv_env_host_alias_set=
ac_cv_env_host_alias_value=
ac_cv_env_target_alias_set=
ac_cv_env_target_alias_value=
ac_cv_path_install='/usr/bin/install -c'
ac_cv_path_mkdir=/bin/mkdir
ac_cv_prog_AWK=mawk
ac_cv_prog_make_make_set=yes
am_cv_make_support_nested_variables=yes

## ----------------- ##
## Output variables. ##
## ----------------- ##

ACLOCAL='${SHELL} /home/vulkodava/courses/HackBulgaria/howmework/0-makefiles/missing aclocal-1.14'
AMTAR='$${TAR-tar}'
AM_BACKSLASH='\'
AM_DEFAULT_V='$(AM_DEFAULT_VERBOSITY)'
AM_DEFAULT_VERBOSITY='1'
AM_V='$(V)'
AUTOCONF='${SHELL} /home/vulkodava/courses/HackBulgaria/howmework/0-makefiles/missing autoconf'
AUTOHEADER='${SHELL} /home/vulkodava/courses/HackBulgaria/howmework/0-makefiles/missing autoheader'
AUTOMAKE='${SHELL} /home/vulkodava/courses/HackBulgaria/howmework/0-makefiles/missing automake-1.14'
AWK='mawk'
CYGPATH_W='echo'
DEFS='-DPACKAGE_NAME=\"pippo\" -DPACKAGE_TARNAME=\"pippo\" -DPACKAGE_VERSION=\"2.6\" -DPACKAGE_STRING=\"pippo\ 2.6\" -DPACKAGE_BUGREPORT=\"momchil.milev@gmail.com\" -DPACKAGE_URL=\"\" -DPACKAGE=\"pippo\" -DVERSION=\"2.6\"'
ECHO_C=''
ECHO_N='-n'
ECHO_T=''
INSTALL_DATA='${INSTALL} -m 644'
INSTALL_PROGRAM='${INSTALL}'
INSTALL_SCRIPT='${INSTALL}'
INSTALL_STRIP_PROGRAM='$(install_sh) -c -s'
LIBOBJS=''
LIBS=''
LTLIBOBJS=''
MAKEINFO='${SHELL} /home/vulkodava/courses/HackBulgaria/howmework/0-makefiles/missing makeinfo'
MKDIR_P='/bin/mkdir -p'
PACKAGE='pippo'
PACKAGE_BUGREPORT='momchil.milev@gmail.com'
PACKAGE_NAME='pippo'
PACKAGE_STRING='pippo 2.6'
PACKAGE_TARNAME='pippo'
PACKAGE_URL=''
PACKAGE_VERSION='2.6'
PATH_SEPARATOR=':'
SET_MAKE=''
SHELL='/bin/bash'
STRIP=''
VERSION='2.6'
am__isrc=''
am__leading_dot='.'
am__tar='$${TAR-tar} chof - "$$tardir"'
am__untar='$${TAR-tar} xf -'
bindir='${exec_prefix}/bin'
build_alias=''
datadir='${datarootdir}'
datarootdir='${prefix}/share'
docdir='${datarootdir}/doc/${PACKAGE_TARNAME}'
dvidir='${docdir}'
exec_prefix='${prefix}'
host_alias=''
htmldir='${docdir}'
includedir='${prefix}/include'
infodir='${datarootdir}/info'
install_sh='${SHELL} /home/vulkodava/courses/HackBulgaria/howmework/0-makefiles/install-sh'
libdir='${exec_prefix}/lib'
libexecdir='${exec_prefix}/libexec'
localedir='${datarootdir}/locale'
localstatedir='${prefix}/var'
mandir='${datarootdir}/man'
mkdir_p='$(MKDIR_P)'
oldincludedir='/usr/include'
pdfdir='${docdir}'
prefix='/usr/local'
program_transform_name='s,x,x,'
psdir='${docdir}'
sbindir='${exec_prefix}/sbin'
sharedstatedir='${prefix}/com'
sysconfdir='${prefix}/etc'
target_alias=''

## ----------- ##
## confdefs.h. ##
## ----------- ##

/* confdefs.h */
#define PACKAGE_NAME "pippo"
#define PACKAGE_TARNAME "pippo"
#define PACKAGE_VERSION "2.6"
#define PACKAGE_STRING "pippo 2.6"
#define PACKAGE_BUGREPORT "momchil.milev@gmail.com"
#define PACKAGE_URL ""
#define PACKAGE "pippo"
#define VERSION "2.6"

configure: exit 1
